[DEBUG] 02:08:18 : ===============================================
[DEBUG] 02:08:18 : == Vagabond ==
[DEBUG] 02:08:18 : ===============================================
[DEBUG] 02:08:19 : Added : GameLoop
[DEBUG] 02:08:19 : Added : OnlineLoop
[DEBUG] 02:08:19 : Added : ParticlesLoop
[DEBUG] 02:08:19 : Added : TicTacToeLoop
[DEBUG] 02:08:51 : ===============================================
[DEBUG] 02:08:51 : 
[DEBUG] 02:08:53 : ===============================================
[DEBUG] 02:08:53 : == Vagabond ==
[DEBUG] 02:08:53 : ===============================================
[DEBUG] 02:08:54 : Added : GameLoop
[DEBUG] 02:08:54 : Added : OnlineLoop
[DEBUG] 02:08:54 : Added : ParticlesLoop
[DEBUG] 02:08:54 : Added : TicTacToeLoop
[DEBUG] 02:11:26 : ===============================================
[DEBUG] 02:11:26 : 
[DEBUG] 02:11:30 : ===============================================
[DEBUG] 02:11:30 : == Vagabond ==
[DEBUG] 02:11:30 : ===============================================
[DEBUG] 02:11:31 : Added : GameLoop
[DEBUG] 02:11:31 : Added : OnlineLoop
[DEBUG] 02:11:31 : Added : ParticlesLoop
[DEBUG] 02:11:31 : Added : TicTacToeLoop
[DEBUG] 02:12:23 : ===============================================
[DEBUG] 02:12:23 : 
